<?xml version="1.0" encoding="UTF-8"?>
<testng-results skipped="0" failed="0" ignored="0" total="1" passed="1">
  <reporter-output>
  </reporter-output>
  <suite name="Default suite" duration-ms="1757" started-at="2017-12-15T15:39:56Z" finished-at="2017-12-15T15:39:58Z">
    <groups>
    </groups>
    <test name="Default test" duration-ms="1757" started-at="2017-12-15T15:39:56Z" finished-at="2017-12-15T15:39:58Z">
      <class name="database.ConnectMySQL">
        <test-method status="PASS" signature="TestDB()[pri:0, instance:database.ConnectMySQL@3884b2]" name="TestDB" duration-ms="1588" started-at="2017-12-15T10:39:56Z" finished-at="2017-12-15T10:39:58Z">
          <reporter-output>
          </reporter-output>
        </test-method> <!-- TestDB -->
      </class> <!-- database.ConnectMySQL -->
    </test> <!-- Default test -->
  </suite> <!-- Default suite -->
</testng-results>
